This is pdfTeX, Version 3.1415926-1.40.10 (MiKTeX 2.8) (preloaded format=pdflatex 2012.3.26)  2 APR 2012 08:08
entering extended mode
**td_equilibreuse.tex
(D:\enseignement\equilibreuse\td_equilibreuse.tex
LaTeX2e <2009/09/24>
Babel <v3.8l> and hyphenation patterns for english, dumylang, nohyphenation, ge
rman, ngerman, german-x-2009-06-19, ngerman-x-2009-06-19, french, loaded.
("C:\Program Files\Miktex 2.8\tex\latex\base\article.cls"
Document Class: article 2007/10/19 v1.4h Standard LaTeX document class
("C:\Program Files\Miktex 2.8\tex\latex\base\size10.clo"
File: size10.clo 2007/10/19 v1.4h Standard LaTeX file (size option)
)
\c@part=\count79
\c@section=\count80
\c@subsection=\count81
\c@subsubsection=\count82
\c@paragraph=\count83
\c@subparagraph=\count84
\c@figure=\count85
\c@table=\count86
\abovecaptionskip=\skip41
\belowcaptionskip=\skip42
\bibindent=\dimen102
)
("C:\Program Files\Miktex 2.8\tex\generic\babel\babel.sty"
Package: babel 2008/07/06 v3.8l The Babel package

*************************************
* Local config file bblopts.cfg used
*
("C:\Program Files\Miktex 2.8\tex\latex\00miktex\bblopts.cfg"
File: bblopts.cfg 2006/07/31 v1.0 MiKTeX 'babel' configuration
)
("C:\Program Files\Miktex 2.8\tex\generic\babel\frenchb.ldf"
Language: frenchb 2009/03/16 v2.3d French support from the babel system

("C:\Program Files\Miktex 2.8\tex\generic\babel\babel.def"
File: babel.def 2008/07/06 v3.8l Babel common definitions
\babel@savecnt=\count87
\U@D=\dimen103
)
Package babel Info: Making : an active character on input line 120.
Package babel Info: Making ; an active character on input line 121.
Package babel Info: Making ! an active character on input line 122.
Package babel Info: Making ? an active character on input line 123.
\FB@Mht=\dimen104
\std@mcc=\count88
\dec@mcc=\count89
\parindentFFN=\dimen105

*************************************
* Local config file frenchb.cfg used
*
("C:\Program Files\Miktex 2.8\tex\generic\babel\frenchb.cfg")))
("C:\Program Files\Miktex 2.8\tex\latex\carlisle\scalefnt.sty")
("C:\Program Files\Miktex 2.8\tex\latex\graphics\keyval.sty"
Package: keyval 1999/03/16 v1.13 key=value parser (DPC)
\KV@toks@=\toks14
)
("C:\Program Files\Miktex 2.8\tex\latex\base\inputenc.sty"
Package: inputenc 2008/03/30 v1.1d Input encoding file
\inpenc@prehook=\toks15
\inpenc@posthook=\toks16

("C:\Program Files\Miktex 2.8\tex\latex\base\latin1.def"
File: latin1.def 2008/03/30 v1.1d Input encoding file
))
("C:\Program Files\Miktex 2.8\tex\latex\pgf\basiclayer\pgf.sty"
("C:\Program Files\Miktex 2.8\tex\latex\pgf\utilities\pgfrcs.sty"
("C:\Program Files\Miktex 2.8\tex\generic\pgf\utilities\pgfutil-common.tex"
\pgfutil@everybye=\toks17
)
("C:\Program Files\Miktex 2.8\tex\generic\pgf\utilities\pgfutil-latex.def")
("C:\Program Files\Miktex 2.8\tex\generic\pgf\utilities\pgfrcs.code.tex"
Package: pgfrcs 2008/02/20 v2.00 (rcs-revision 1.21)
))
Package: pgf 2008/01/15 v2.00 (rcs-revision 1.12)

("C:\Program Files\Miktex 2.8\tex\latex\pgf\basiclayer\pgfcore.sty"
("C:\Program Files\Miktex 2.8\tex\latex\graphics\graphicx.sty"
Package: graphicx 1999/02/16 v1.0f Enhanced LaTeX Graphics (DPC,SPQR)

("C:\Program Files\Miktex 2.8\tex\latex\graphics\graphics.sty"
Package: graphics 2009/02/05 v1.0o Standard LaTeX Graphics (DPC,SPQR)

("C:\Program Files\Miktex 2.8\tex\latex\graphics\trig.sty"
Package: trig 1999/03/16 v1.09 sin cos tan (DPC)
)
("C:\Program Files\Miktex 2.8\tex\latex\00miktex\graphics.cfg"
File: graphics.cfg 2007/01/18 v1.5 graphics configuration of teTeX/TeXLive
)
Package graphics Info: Driver file: pdftex.def on input line 91.

("C:\Program Files\Miktex 2.8\tex\latex\pdftex-def\pdftex.def"
File: pdftex.def 2010/02/14 v0.04n Graphics/color for pdfTeX
\Gread@gobject=\count90
))
\Gin@req@height=\dimen106
\Gin@req@width=\dimen107
)
("C:\Program Files\Miktex 2.8\tex\latex\pgf\systemlayer\pgfsys.sty"
("C:\Program Files\Miktex 2.8\tex\generic\pgf\systemlayer\pgfsys.code.tex"
Package: pgfsys 2008/02/07 v2.00 (rcs-revision 1.31)

("C:\Program Files\Miktex 2.8\tex\generic\pgf\utilities\pgfkeys.code.tex"
\pgfkeys@pathtoks=\toks18
\pgfkeys@temptoks=\toks19
)
\pgf@x=\dimen108
\pgf@y=\dimen109
\pgf@xa=\dimen110
\pgf@ya=\dimen111
\pgf@xb=\dimen112
\pgf@yb=\dimen113
\pgf@xc=\dimen114
\pgf@yc=\dimen115
\c@pgf@counta=\count91
\c@pgf@countb=\count92
\c@pgf@countc=\count93
\c@pgf@countd=\count94

("C:\Program Files\Miktex 2.8\tex\generic\pgf\systemlayer\pgf.cfg"
File: pgf.cfg 2008/01/13  (rcs-revision 1.6)
)
Package pgfsys Info: Driver file for pgf: pgfsys-pdftex.def on input line 885.

("C:\Program Files\Miktex 2.8\tex\generic\pgf\systemlayer\pgfsys-pdftex.def"
File: pgfsys-pdftex.def 2007/12/20  (rcs-revision 1.20)

("C:\Program Files\Miktex 2.8\tex\generic\pgf\systemlayer\pgfsys-common-pdf.def
"
File: pgfsys-common-pdf.def 2007/12/17  (rcs-revision 1.8)
)))
("C:\Program Files\Miktex 2.8\tex\generic\pgf\systemlayer\pgfsyssoftpath.code.t
ex"
File: pgfsyssoftpath.code.tex 2008/01/23  (rcs-revision 1.6)
\pgfsyssoftpath@smallbuffer@items=\count95
\pgfsyssoftpath@bigbuffer@items=\count96
)
("C:\Program Files\Miktex 2.8\tex\generic\pgf\systemlayer\pgfsysprotocol.code.t
ex"
File: pgfsysprotocol.code.tex 2006/10/16  (rcs-revision 1.4)
)) ("C:\Program Files\Miktex 2.8\tex\latex\xcolor\xcolor.sty"
Package: xcolor 2007/01/21 v2.11 LaTeX color extensions (UK)

("C:\Program Files\Miktex 2.8\tex\latex\00miktex\color.cfg"
File: color.cfg 2007/01/18 v1.5 color configuration of teTeX/TeXLive
)
Package xcolor Info: Driver file: pdftex.def on input line 225.
Package xcolor Info: Model `cmy' substituted by `cmy0' on input line 1337.
Package xcolor Info: Model `hsb' substituted by `rgb' on input line 1341.
Package xcolor Info: Model `RGB' extended on input line 1353.
Package xcolor Info: Model `HTML' substituted by `rgb' on input line 1355.
Package xcolor Info: Model `Hsb' substituted by `hsb' on input line 1356.
Package xcolor Info: Model `tHsb' substituted by `hsb' on input line 1357.
Package xcolor Info: Model `HSB' substituted by `hsb' on input line 1358.
Package xcolor Info: Model `Gray' substituted by `gray' on input line 1359.
Package xcolor Info: Model `wave' substituted by `hsb' on input line 1360.
)
("C:\Program Files\Miktex 2.8\tex\generic\pgf\basiclayer\pgfcore.code.tex"
Package: pgfcore 2008/01/15 v2.00 (rcs-revision 1.6)

("C:\Program Files\Miktex 2.8\tex\generic\pgf\math\pgfmath.code.tex"
("C:\Program Files\Miktex 2.8\tex\generic\pgf\math\pgfmathcalc.code.tex"
("C:\Program Files\Miktex 2.8\tex\generic\pgf\math\pgfmathutil.code.tex"
\pgfmath@box=\box26
)
("C:\Program Files\Miktex 2.8\tex\generic\pgf\math\pgfmathparser.code.tex"
\pgfmath@stack=\toks20
\c@pgfmath@parsecounta=\count97
\c@pgfmath@parsecountb=\count98
\c@pgfmath@parsecountc=\count99
\pgfmath@parsex=\dimen116
)
("C:\Program Files\Miktex 2.8\tex\generic\pgf\math\pgfmathoperations.code.tex"
("C:\Program Files\Miktex 2.8\tex\generic\pgf\math\pgfmathtrig.code.tex")
("C:\Program Files\Miktex 2.8\tex\generic\pgf\math\pgfmathrnd.code.tex"))
("C:\Program Files\Miktex 2.8\tex\generic\pgf\math\pgfmathbase.code.tex")))
("C:\Program Files\Miktex 2.8\tex\generic\pgf\basiclayer\pgfcorepoints.code.tex
"
File: pgfcorepoints.code.tex 2008/02/03  (rcs-revision 1.13)
\pgf@picminx=\dimen117
\pgf@picmaxx=\dimen118
\pgf@picminy=\dimen119
\pgf@picmaxy=\dimen120
\pgf@pathminx=\dimen121
\pgf@pathmaxx=\dimen122
\pgf@pathminy=\dimen123
\pgf@pathmaxy=\dimen124
\pgf@xx=\dimen125
\pgf@xy=\dimen126
\pgf@yx=\dimen127
\pgf@yy=\dimen128
\pgf@zx=\dimen129
\pgf@zy=\dimen130
)
("C:\Program Files\Miktex 2.8\tex\generic\pgf\basiclayer\pgfcorepathconstruct.c
ode.tex"
File: pgfcorepathconstruct.code.tex 2008/02/13  (rcs-revision 1.14)
\pgf@path@lastx=\dimen131
\pgf@path@lasty=\dimen132
)
("C:\Program Files\Miktex 2.8\tex\generic\pgf\basiclayer\pgfcorepathusage.code.
tex"
File: pgfcorepathusage.code.tex 2008/01/23  (rcs-revision 1.11)
\pgf@shorten@end@additional=\dimen133
\pgf@shorten@start@additional=\dimen134
)
("C:\Program Files\Miktex 2.8\tex\generic\pgf\basiclayer\pgfcorescopes.code.tex
"
File: pgfcorescopes.code.tex 2008/01/15  (rcs-revision 1.26)
\pgfpic=\box27
\pgf@hbox=\box28
\pgf@layerbox@main=\box29
\pgf@picture@serial@count=\count100
)
("C:\Program Files\Miktex 2.8\tex\generic\pgf\basiclayer\pgfcoregraphicstate.co
de.tex"
File: pgfcoregraphicstate.code.tex 2007/12/12  (rcs-revision 1.8)
\pgflinewidth=\dimen135
)
("C:\Program Files\Miktex 2.8\tex\generic\pgf\basiclayer\pgfcoretransformations
.code.tex"
File: pgfcoretransformations.code.tex 2008/02/04  (rcs-revision 1.10)
\pgf@pt@x=\dimen136
\pgf@pt@y=\dimen137
\pgf@pt@temp=\dimen138
)
("C:\Program Files\Miktex 2.8\tex\generic\pgf\basiclayer\pgfcorequick.code.tex"
File: pgfcorequick.code.tex 2006/10/11  (rcs-revision 1.2)
)
("C:\Program Files\Miktex 2.8\tex\generic\pgf\basiclayer\pgfcoreobjects.code.te
x"
File: pgfcoreobjects.code.tex 2006/10/11  (rcs-revision 1.2)
)
("C:\Program Files\Miktex 2.8\tex\generic\pgf\basiclayer\pgfcorepathprocessing.
code.tex"
File: pgfcorepathprocessing.code.tex 2008/01/23  (rcs-revision 1.7)
)
("C:\Program Files\Miktex 2.8\tex\generic\pgf\basiclayer\pgfcorearrows.code.tex
"
File: pgfcorearrows.code.tex 2007/06/07  (rcs-revision 1.8)
)
("C:\Program Files\Miktex 2.8\tex\generic\pgf\basiclayer\pgfcoreshade.code.tex"
File: pgfcoreshade.code.tex 2007/12/10  (rcs-revision 1.9)
\pgf@max=\dimen139
\pgf@sys@shading@range@num=\count101
) ("C:\Program Files\Miktex 2.8\tex\generic\pgf\basiclayer\pgfcoreimage.code.te
x"
File: pgfcoreimage.code.tex 2008/01/15  (rcs-revision 1.1)
\pgfexternal@startupbox=\box30
)
("C:\Program Files\Miktex 2.8\tex\generic\pgf\basiclayer\pgfcorelayers.code.tex
"
File: pgfcorelayers.code.tex 2008/01/15  (rcs-revision 1.1)
)
("C:\Program Files\Miktex 2.8\tex\generic\pgf\basiclayer\pgfcoretransparency.co
de.tex"
File: pgfcoretransparency.code.tex 2008/01/17  (rcs-revision 1.2)
)
("C:\Program Files\Miktex 2.8\tex\generic\pgf\basiclayer\pgfcorepatterns.code.t
ex"
File: pgfcorepatterns.code.tex 2008/01/15  (rcs-revision 1.1)
)))
("C:\Program Files\Miktex 2.8\tex\generic\pgf\modules\pgfmoduleshapes.code.tex"
File: pgfmoduleshapes.code.tex 2008/02/13  (rcs-revision 1.4)
\pgfnodeparttextbox=\box31
\toks@savedmacro=\toks21
) ("C:\Program Files\Miktex 2.8\tex\generic\pgf\modules\pgfmoduleplot.code.tex"
File: pgfmoduleplot.code.tex 2008/01/15  (rcs-revision 1.1)
\pgf@plotwrite=\write3
)
("C:\Program Files\Miktex 2.8\tex\latex\pgf\compatibility\pgfcomp-version-0-65.
sty"
Package: pgfcomp-version-0-65 2007/07/03 v2.00 (rcs-revision 1.7)
\pgf@nodesepstart=\dimen140
\pgf@nodesepend=\dimen141
)
("C:\Program Files\Miktex 2.8\tex\latex\pgf\compatibility\pgfcomp-version-1-18.
sty"
Package: pgfcomp-version-1-18 2007/07/23 v2.00 (rcs-revision 1.1)
)) ("C:\Program Files\Miktex 2.8\tex\latex\pgf\compatibility\pgfarrows.sty"
Package: pgfarrows 2006/10/11 v2.00 (rcs-revision 1.3)

Package pgfarrows Warning: This package is obsolete. pgf.sty will load arrow ma
nagement automatically on input line 17.

) ("C:\Program Files\Miktex 2.8\tex\latex\pgf\compatibility\pgfnodes.sty"
Package: pgfnodes 2006/10/11 v2.00 (rcs-revision 1.3)


Package pgfnodes Warning: This package is obsolete. pgf.sty will load node mana
gement automatically on input line 17.

) ("C:\Program Files\Miktex 2.8\tex\latex\ams\math\amsmath.sty"
Package: amsmath 2000/07/18 v2.13 AMS math features
\@mathmargin=\skip43

For additional information on amsmath, use the `?' option.
("C:\Program Files\Miktex 2.8\tex\latex\ams\math\amstext.sty"
Package: amstext 2000/06/29 v2.01

("C:\Program Files\Miktex 2.8\tex\latex\ams\math\amsgen.sty"
File: amsgen.sty 1999/11/30 v2.0
\@emptytoks=\toks22
\ex@=\dimen142
))
("C:\Program Files\Miktex 2.8\tex\latex\ams\math\amsbsy.sty"
Package: amsbsy 1999/11/29 v1.2d
\pmbraise@=\dimen143
)
("C:\Program Files\Miktex 2.8\tex\latex\ams\math\amsopn.sty"
Package: amsopn 1999/12/14 v2.01 operator names
)
\inf@bad=\count102
LaTeX Info: Redefining \frac on input line 211.
\uproot@=\count103
\leftroot@=\count104
LaTeX Info: Redefining \overline on input line 307.
\classnum@=\count105
\DOTSCASE@=\count106
LaTeX Info: Redefining \ldots on input line 379.
LaTeX Info: Redefining \dots on input line 382.
LaTeX Info: Redefining \cdots on input line 467.
\Mathstrutbox@=\box32
\strutbox@=\box33
\big@size=\dimen144
LaTeX Font Info:    Redeclaring font encoding OML on input line 567.
LaTeX Font Info:    Redeclaring font encoding OMS on input line 568.
\macc@depth=\count107
\c@MaxMatrixCols=\count108
\dotsspace@=\muskip10
\c@parentequation=\count109
\dspbrk@lvl=\count110
\tag@help=\toks23
\row@=\count111
\column@=\count112
\maxfields@=\count113
\andhelp@=\toks24
\eqnshift@=\dimen145
\alignsep@=\dimen146
\tagshift@=\dimen147
\tagwidth@=\dimen148
\totwidth@=\dimen149
\lineht@=\dimen150
\@envbody=\toks25
\multlinegap=\skip44
\multlinetaggap=\skip45
\mathdisplay@stack=\toks26
LaTeX Info: Redefining \[ on input line 2666.
LaTeX Info: Redefining \] on input line 2667.
)
("C:\Program Files\Miktex 2.8\tex\latex\amsfonts\amssymb.sty"
Package: amssymb 2009/06/22 v3.00

("C:\Program Files\Miktex 2.8\tex\latex\amsfonts\amsfonts.sty"
Package: amsfonts 2009/06/22 v3.00 Basic AMSFonts support
\symAMSa=\mathgroup4
\symAMSb=\mathgroup5
LaTeX Font Info:    Overwriting math alphabet `\mathfrak' in version `bold'
(Font)                  U/euf/m/n --> U/euf/b/n on input line 96.
))
("C:\Program Files\Miktex 2.8\tex\latex\fancyhdr\fancyhdr.sty"
\fancy@headwidth=\skip46
\f@ncyO@elh=\skip47
\f@ncyO@erh=\skip48
\f@ncyO@olh=\skip49
\f@ncyO@orh=\skip50
\f@ncyO@elf=\skip51
\f@ncyO@erf=\skip52
\f@ncyO@olf=\skip53
\f@ncyO@orf=\skip54
)
("C:\Program Files\Miktex 2.8\tex\latex\ltxmisc\url.sty"
\Urlmuskip=\muskip11
Package: url 2006/04/12  ver 3.3  Verb mode for urls, etc.
)
("C:\Program Files\Miktex 2.8\tex\latex\listings\listings.sty"
\lst@mode=\count114
\lst@gtempboxa=\box34
\lst@token=\toks27
\lst@length=\count115
\lst@currlwidth=\dimen151
\lst@column=\count116
\lst@pos=\count117
\lst@lostspace=\dimen152
\lst@width=\dimen153
\lst@newlines=\count118
\lst@lineno=\count119
\lst@maxwidth=\dimen154

("C:\Program Files\Miktex 2.8\tex\latex\listings\lstmisc.sty"
File: lstmisc.sty 2007/02/22 1.4 (Carsten Heinz)
\c@lstnumber=\count120
\lst@skipnumbers=\count121
\lst@framebox=\box35
)
("C:\Program Files\Miktex 2.8\tex\latex\listings\listings.cfg"
File: listings.cfg 2007/02/22 1.4 listings configuration
))
Package: listings 2007/02/22 1.4 (Carsten Heinz)

("C:\Program Files\Miktex 2.8\tex\latex\multido\multido.sty"
Package: multido 2004/05/17 package wrapper for PSTricks `multido.tex', (HV/RN)


("C:\Program Files\Miktex 2.8\tex\generic\multido\multido.tex"
 v1.42, 2010/05/14 <tvz>
\multido@count=\count122
\multidocount=\count123
\multido@stuff=\toks28
)
File: multido.tex 2010/05/14 v1.42 `multido' (tvz,hv)
)
("C:\Program Files\Miktex 2.8\tex\latex\float\float.sty"
Package: float 2001/11/08 v1.3d Float enhancements (AL)
\c@float@type=\count124
\float@exts=\toks29
\float@box=\box36
\@float@everytoks=\toks30
\@floatcapt=\box37
)
("C:\Program Files\Miktex 2.8\tex\latex\tools\tabularx.sty"
Package: tabularx 1999/01/07 v2.07 `tabularx' package (DPC)

("C:\Program Files\Miktex 2.8\tex\latex\tools\array.sty"
Package: array 2008/09/09 v2.4c Tabular extension package (FMi)
\col@sep=\dimen155
\extrarowheight=\dimen156
\NC@list=\toks31
\extratabsurround=\skip55
\backup@length=\skip56
)
\TX@col@width=\dimen157
\TX@old@table=\dimen158
\TX@old@col=\dimen159
\TX@target=\dimen160
\TX@delta=\dimen161
\TX@cols=\count125
\TX@ftn=\toks32
)
("C:\Program Files\Miktex 2.8\tex\latex\tools\multicol.sty"
Package: multicol 2008/12/05 v1.6h multicolumn formatting (FMi)
\c@tracingmulticols=\count126
\mult@box=\box38
\multicol@leftmargin=\dimen162
\c@unbalance=\count127
\c@collectmore=\count128
\doublecol@number=\count129
\multicoltolerance=\count130
\multicolpretolerance=\count131
\full@width=\dimen163
\page@free=\dimen164
\premulticols=\dimen165
\postmulticols=\dimen166
\multicolsep=\skip57
\multicolbaselineskip=\skip58
\partial@page=\box39
\last@line=\box40
\mult@rightbox=\box41
\mult@grightbox=\box42
\mult@gfirstbox=\box43
\mult@firstbox=\box44
\@tempa=\box45
\@tempa=\box46
\@tempa=\box47
\@tempa=\box48
\@tempa=\box49
\@tempa=\box50
\@tempa=\box51
\@tempa=\box52
\@tempa=\box53
\@tempa=\box54
\@tempa=\box55
\@tempa=\box56
\@tempa=\box57
\@tempa=\box58
\@tempa=\box59
\@tempa=\box60
\@tempa=\box61
\c@columnbadness=\count132
\c@finalcolumnbadness=\count133
\last@try=\dimen167
\multicolovershoot=\dimen168
\multicolundershoot=\dimen169
\mult@nat@firstbox=\box62
\colbreak@box=\box63
)
("C:\Program Files\Miktex 2.8\tex\latex\versions\versions.sty"
Package: versions 2005/04/28 v0.55 ignore passages optionally (UL)

*** `comment' excluded. ***
) ("C:\Program Files\Miktex 2.8\tex\latex\picins\picins.sty"
Option `picins' Version 3.0 Sep. 1992, TH Darmstadt/HRZ
\@BILD=\box64
\@TEXT=\box65
\d@breite=\dimen170
\d@hoehe=\dimen171
\d@xoff=\dimen172
\d@yoff=\dimen173
\d@shad=\dimen174
\d@dash=\dimen175
\d@boxl=\dimen176
\d@pichskip=\dimen177
\d@tmp=\dimen178
\d@tmpa=\dimen179
\d@bskip=\dimen180
\hsiz@=\dimen181
\p@getot@l=\dimen182
\c@breite=\count134
\c@hoehe=\count135
\c@xoff=\count136
\c@yoff=\count137
\c@pos=\count138
\c@shad=\count139
\c@dash=\count140
\c@boxl=\count141
\c@zeilen=\count142
\@changemode=\count143
\c@piccaption=\count144
\c@piccaptionpos=\count145
\c@picpos=\count146
\c@whole=\count147
\c@half=\count148
\c@tmp=\count149
\c@tmpa=\count150
\c@tmpb=\count151
\c@tmpc=\count152
\c@tmpd=\count153
\d@leftskip=\skip59
\ptoti=\dimen183
\ptotii=\dimen184
\env@box=\box66
\d@envdp=\dimen185
\c@hsize=\count154
\c@envdp=\count155
\d@envb=\dimen186
)
("C:\Program Files\Miktex 2.8\tex\latex\colortbl\colortbl.sty"
Package: colortbl 2001/02/13 v0.1j Color table columns (DPC)
\everycr=\toks33
\minrowclearance=\skip60
)
("C:\Program Files\Miktex 2.8\tex\latex\caption\caption2.sty"
Package: caption2 2008/07/01 v2.2c Customising captions (AS)


Package caption2 Warning: ****************************************************
(caption2)                THIS PACKAGE IS OBSOLETE:
(caption2)                This package attempts to provide an `caption2'
(caption2)                package v2.0/2.1 author environment so that OLD
(caption2)                documents can be successfully processed. It should
(caption2)                NOT be used for NEW documents! New documents should
(caption2)                use the regular `caption' package v3.x instead.
(caption2)                ****************************************************

("C:\Program Files\Miktex 2.8\tex\latex\caption\caption3.sty"
Package: caption3 2010/01/14 v3.1m caption3 kernel (AR)
\captionmargin=\dimen187
\captionmargin@=\dimen188
\captionwidth=\dimen189
\caption@indent=\dimen190
\caption@parindent=\dimen191
\caption@hangindent=\dimen192
)
Package caption2 Info: Running in caption2 v2.0 compatibility mode on input lin
e 209.
\captionlinewidth=\dimen193
\realcaptionwidth=\dimen194
Package caption2 Info: float package v1.2 (or newer) detected on input line 318
.
)
*** `courte' included. ***
*** `complete' excluded. ***
("C:\Program Files\Miktex 2.8\tex\latex\parallel\parallel.sty"
Package: parallel 2003/04/13, setting two texts parallel (me)

`parallel': setting two texts parallel, (beta 4) 2003/04/13.
\ParallelLWidth=\dimen195
\ParallelRWidth=\dimen196
\ParallelTextWidth=\dimen197
\ParallelLeftMargin=\dimen198
\ParallelUserMidSkip=\dimen199
\ParallelMainMidSkip=\dimen200
\ParallelLBox=\box67
\ParallelRBox=\box68
\ParallelBoxVar=\box69
\ParallelLTok=\box70
\ParallelRTok=\box71
\ParallelBoolVar=\count156
\ParallelBoolMid=\count157
\ParallelWhichBox=\count158
\ParallelMainMode=\count159
\ParallelFNMode=\count160
\ParallelLFNCounter=\count161
\ParallelRFNCounter=\count162
\ParallelMaxFN=\count163
\ParallelFNNumMode=\count164
)
("C:\Program Files\Miktex 2.8\tex\latex\algorithm2e\algorithm2e.sty"
Package: algorithm2e 2008/00/00 v3.10 algorithms environments
\c@AlgoLine=\count165

("C:\Program Files\Miktex 2.8\tex\latex\base\ifthen.sty"
Package: ifthen 2001/05/26 v1.1c Standard LaTeX ifthen package (DPC)
)
("C:\Program Files\Miktex 2.8\tex\latex\tools\xspace.sty"
Package: xspace 2006/05/08 v1.12 Space after command names (DPC,MH)
)
("C:\Program Files\Miktex 2.8\tex\latex\ltxmisc\relsize.sty"
Package: relsize 2003/07/04 ver 3.1
)
********************************************************
Package `algorithm2e' Release 4.01 -- december 14 2009 --
- algorithm2e-announce@lirmm.fr mailing list for announcement about releases
- algorithm2e-discussion@lirmm.fr mailing list for discussion about package
subscribe by emailing sympa@lirmm.fr with 'subscribe <list> <firstname name>'
- Author: Christophe Fiorio (fiorio@lirmm.fr)
********************************************************
\skiptotal=\skip61
\skiplinenumber=\skip62
\skiprule=\skip63
\skiphlne=\skip64
\skiptext=\skip65
\skiplength=\skip66
\algomargin=\skip67
\skipalgocfslide=\skip68
\algowidth=\dimen201
\inoutsize=\dimen202
\inoutline=\dimen203
\interspacetitleruled=\dimen204
\interspacealgoruled=\dimen205
\interspacetitleboxruled=\dimen206
\algocf@inoutbox=\box72
\algocf@inputbox=\box73
\AlCapSkip=\skip69
\AlCapHSkip=\skip70
\algocf@nlbox=\box74
\algocf@hangingbox=\box75
\algocf@capbox=\box76
\algoheightruledefault=\skip71
\algoheightrule=\skip72
\algotitleheightruledefault=\skip73
\algotitleheightrule=\skip74
\c@algocfline=\count166
\c@algocfproc=\count167
\c@algocf=\count168
\algocf@algoframe=\box77
\algocf@algobox=\box78
) ("C:\Program Files\Miktex 2.8\tex\latex\preprint\fullpage.sty"
Package: fullpage 1999/02/23 1.1 (PWD)
\FP@margin=\skip75
)
("C:\Program Files\Miktex 2.8\tex\latex\ulem\ulem.sty"
\UL@box=\box79
\UL@hyphenbox=\box80
\UL@skip=\skip76
\UL@hook=\toks34
\UL@pe=\count169
\UL@pixel=\dimen207
\ULC@box=\box81
Package: ulem 2010/10/03
\ULdepth=\dimen208
)
("C:\Program Files\Miktex 2.8\tex\latex\hyperref\hyperref.sty"
Package: hyperref 2010/03/30 v6.80u Hypertext links for LaTeX

("C:\Program Files\Miktex 2.8\tex\generic\oberdiek\ltxcmds.sty"
Package: ltxcmds 2010/04/08 v1.5 LaTeX kernel commands for general use (HO)
)
("C:\Program Files\Miktex 2.8\tex\generic\oberdiek\kvsetkeys.sty"
Package: kvsetkeys 2010/03/01 v1.9 Key value parser (HO)

("C:\Program Files\Miktex 2.8\tex\generic\oberdiek\infwarerr.sty"
Package: infwarerr 2010/04/08 v1.3 Providing info/warning/message (HO)
)
("C:\Program Files\Miktex 2.8\tex\generic\oberdiek\etexcmds.sty"
Package: etexcmds 2010/01/28 v1.3 Prefix for e-TeX command names (HO)
Package etexcmds Info: Could not find \expanded.
(etexcmds)             That can mean that you are not using pdfTeX 1.50 or
(etexcmds)             that some package has redefined \expanded.
(etexcmds)             In the latter case, load this package earlier.
))
("C:\Program Files\Miktex 2.8\tex\generic\oberdiek\pdfescape.sty"
Package: pdfescape 2010/03/01 v1.9 Provides hex, PDF name and string conversion
s (HO)

("C:\Program Files\Miktex 2.8\tex\generic\oberdiek\pdftexcmds.sty"
Package: pdftexcmds 2010/04/01 v0.9 Utility functions of pdfTeX for LuaTeX (HO)


("C:\Program Files\Miktex 2.8\tex\generic\oberdiek\ifluatex.sty"
Package: ifluatex 2010/03/01 v1.3 Provides the ifluatex switch (HO)
Package ifluatex Info: LuaTeX not detected.
)
Package pdftexcmds Info: LuaTeX not detected.
Package pdftexcmds Info: \pdf@primitive is available.
Package pdftexcmds Info: \pdf@ifprimitive is available.
))
("C:\Program Files\Miktex 2.8\tex\generic\oberdiek\ifpdf.sty"
Package: ifpdf 2010/01/28 v2.1 Provides the ifpdf switch (HO)
Package ifpdf Info: pdfTeX in pdf mode detected.
)
("C:\Program Files\Miktex 2.8\tex\generic\oberdiek\ifvtex.sty"
Package: ifvtex 2010/03/01 v1.5 Switches for detecting VTeX and its modes (HO)
Package ifvtex Info: VTeX not detected.
)
("C:\Program Files\Miktex 2.8\tex\latex\ifxetex\ifxetex.sty"
Package: ifxetex 2009/01/23 v0.5 Provides ifxetex conditional
)
("C:\Program Files\Miktex 2.8\tex\latex\oberdiek\hycolor.sty"
Package: hycolor 2009/12/12 v1.6 Color options of hyperref/bookmark (HO)

("C:\Program Files\Miktex 2.8\tex\latex\oberdiek\xcolor-patch.sty"
Package: xcolor-patch 2009/12/12 xcolor patch
))
("C:\Program Files\Miktex 2.8\tex\latex\oberdiek\letltxmacro.sty"
Package: letltxmacro 2008/06/24 v1.3 Let assignment for LaTeX macros (HO)
)
\@linkdim=\dimen209
\Hy@linkcounter=\count170
\Hy@pagecounter=\count171

("C:\Program Files\Miktex 2.8\tex\latex\hyperref\pd1enc.def"
File: pd1enc.def 2010/03/30 v6.80u Hyperref: PDFDocEncoding definition (HO)
)
("C:\Program Files\Miktex 2.8\tex\generic\oberdiek\intcalc.sty"
Package: intcalc 2007/09/27 v1.1 Expandable integer calculations (HO)
)
("C:\Program Files\Miktex 2.8\tex\latex\00miktex\hyperref.cfg"
File: hyperref.cfg 2002/06/06 v1.2 hyperref configuration of TeXLive
)
("C:\Program Files\Miktex 2.8\tex\latex\oberdiek\kvoptions.sty"
Package: kvoptions 2010/02/22 v3.7 Keyval support for LaTeX options (HO)
)
Package hyperref Info: Hyper figures OFF on input line 3609.
Package hyperref Info: Link nesting OFF on input line 3614.
Package hyperref Info: Hyper index ON on input line 3617.
Package hyperref Info: Plain pages OFF on input line 3624.
Package hyperref Info: Backreferencing OFF on input line 3629.

Implicit mode ON; LaTeX internals redefined
Package hyperref Info: Bookmarks ON on input line 3825.
LaTeX Info: Redefining \url on input line 4105.
("C:\Program Files\Miktex 2.8\tex\generic\oberdiek\bitset.sty"
Package: bitset 2007/09/28 v1.0 Data type bit set (HO)

("C:\Program Files\Miktex 2.8\tex\generic\oberdiek\bigintcalc.sty"
Package: bigintcalc 2007/11/11 v1.1 Expandable big integer calculations (HO)
))
\Fld@menulength=\count172
\Field@Width=\dimen210
\Fld@charsize=\dimen211
\Field@toks=\toks35
Package hyperref Info: Hyper figures OFF on input line 5083.
Package hyperref Info: Link nesting OFF on input line 5088.
Package hyperref Info: Hyper index ON on input line 5091.
Package hyperref Info: backreferencing OFF on input line 5098.
Package hyperref Info: Link coloring OFF on input line 5103.
Package hyperref Info: Link coloring with OCG OFF on input line 5108.
Package hyperref Info: PDF/A mode OFF on input line 5113.
LaTeX Info: Redefining \ref on input line 5153.
LaTeX Info: Redefining \pageref on input line 5157.

("C:\Program Files\Miktex 2.8\tex\generic\oberdiek\atbegshi.sty"
Package: atbegshi 2010/03/25 v1.12 At begin shipout hook (HO)
)
\Hy@abspage=\count173
\c@Item=\count174
)
* hyperref using default driver hpdftex *
("C:\Program Files\Miktex 2.8\tex\latex\hyperref\hpdftex.def"
File: hpdftex.def 2010/03/30 v6.80u Hyperref driver for pdfTeX

("C:\Program Files\Miktex 2.8\tex\latex\oberdiek\atveryend.sty"
Package: atveryend 2010/03/24 v1.5 Hooks at very end of document (HO)
Package atveryend Info: \enddocument detected (standard).
)
\Fld@listcount=\count175
\c@bookmark@seq@number=\count176

("C:\Program Files\Miktex 2.8\tex\latex\oberdiek\rerunfilecheck.sty"
Package: rerunfilecheck 2010/03/16 v1.6 Rerun checks for auxiliary files (HO)

("C:\Program Files\Miktex 2.8\tex\generic\oberdiek\uniquecounter.sty"
Package: uniquecounter 2009/12/18 v1.1 Provides unlimited unique counter (HO)
)
Package uniquecounter Info: New unique counter `rerunfilecheck' on input line 2
71.
)
\Hy@SectionHShift=\skip77
)
("C:\Program Files\Miktex 2.8\tex\latex\placeins\placeins.sty"
Package: placeins 2005/04/18  v 2.2
)
Package hyperref Info: Option `colorlinks' set `true' on input line 31.


LaTeX Warning: Unused global option(s):
    [14pt].

(D:\enseignement\equilibreuse\td_equilibreuse.aux)
LaTeX Font Info:    Checking defaults for OML/cmm/m/it on input line 91.
LaTeX Font Info:    ... okay on input line 91.
LaTeX Font Info:    Checking defaults for T1/cmr/m/n on input line 91.
LaTeX Font Info:    ... okay on input line 91.
LaTeX Font Info:    Checking defaults for OT1/cmr/m/n on input line 91.
LaTeX Font Info:    ... okay on input line 91.
LaTeX Font Info:    Checking defaults for OMS/cmsy/m/n on input line 91.
LaTeX Font Info:    ... okay on input line 91.
LaTeX Font Info:    Checking defaults for OMX/cmex/m/n on input line 91.
LaTeX Font Info:    ... okay on input line 91.
LaTeX Font Info:    Checking defaults for U/cmr/m/n on input line 91.
LaTeX Font Info:    ... okay on input line 91.
LaTeX Font Info:    Checking defaults for PD1/pdf/m/n on input line 91.
LaTeX Font Info:    ... okay on input line 91.
LaTeX Info: Redefining \degres on input line 91.


Package frenchb.ldf Warning: The definition of \@makecaption has been changed,
(frenchb.ldf)                frenchb will NOT customise it;
(frenchb.ldf)                reported on input line 91.

LaTeX Info: Redefining \dots on input line 91.
LaTeX Info: Redefining \up on input line 91.

Package frenchb.ldf Warning: OT1 encoding should not be used for French. 
(frenchb.ldf)                Add \usepackage[T1]{fontenc} to the preamble
(frenchb.ldf)                of your document, on input line 91.

("C:\Program Files\Miktex 2.8\tex\context\base\supp-pdf.tex"
[Loading MPS to PDF converter (version 2006.09.02).]
\scratchcounter=\count177
\scratchdimen=\dimen212
\scratchbox=\box82
\nofMPsegments=\count178
\nofMParguments=\count179
\everyMPshowfont=\toks36
\MPscratchCnt=\count180
\MPscratchDim=\dimen213
\MPnumerator=\count181
\everyMPtoPDFconversion=\toks37
)
\c@lstlisting=\count182
Package caption Info: Begin \AtBeginDocument code.
Package caption Info: End \AtBeginDocument code.
\AtBeginShipoutBox=\box83
Package hyperref Info: Link coloring ON on input line 91.
 ("C:\Program Files\Miktex 2.8\tex\latex\hyperref\nameref.sty"
Package: nameref 2010/01/25 v2.36 Cross-referencing by name of section

("C:\Program Files\Miktex 2.8\tex\latex\oberdiek\refcount.sty"
Package: refcount 2008/08/11 v3.1 Data extraction from references (HO)
)
("C:\Program Files\Miktex 2.8\tex\generic\oberdiek\gettitlestring.sty"
Package: gettitlestring 2009/12/18 v1.3 Cleanup title references (HO)
)
\c@section@level=\count183
)
LaTeX Info: Redefining \ref on input line 91.
LaTeX Info: Redefining \pageref on input line 91.

(D:\enseignement\equilibreuse\td_equilibreuse.out)
(D:\enseignement\equilibreuse\td_equilibreuse.out)
\@outlinefile=\write4
LaTeX Font Info:    Try loading font information for U+msa on input line 107.

("C:\Program Files\Miktex 2.8\tex\latex\amsfonts\umsa.fd"
File: umsa.fd 2009/06/22 v3.00 AMS symbols A
)
LaTeX Font Info:    Try loading font information for U+msb on input line 107.

("C:\Program Files\Miktex 2.8\tex\latex\amsfonts\umsb.fd"
File: umsb.fd 2009/06/22 v3.00 AMS symbols B
)

LaTeX Font Warning: Font shape `OT1/cmr/bx/sc' undefined
(Font)              using `OT1/cmr/bx/n' instead on input line 112.

<equ1.pdf, id=19, 236.37138pt x 337.24333pt>
File: equ1.pdf Graphic file (type pdf)
 <use equ1.pdf>
<equ2.pdf, id=20, 257.44913pt x 326.70445pt>
File: equ2.pdf Graphic file (type pdf)
 <use equ2.pdf>
<equ3.pdf, id=21, 271.75159pt x 326.70445pt>
File: equ3.pdf Graphic file (type pdf)
 <use equ3.pdf> [1

{C:/Program Files/Miktex 2.8/pdftex/config/pdftex.map} <D:/enseignement/equilib
reuse/figure_intro.pdf>]
Package atveryend Info: Empty hook `BeforeClearDocument' on input line 205.
 [2 <D:/enseignement/equilibreuse/equ1.pdf> <D:/enseignement/equilibreuse/equ2.
pdf> <D:/enseignement/equilibreuse/equ3.pdf> <D:/enseignement/equilibreuse/figu
re-masse-roue.pdf>]
Package atveryend Info: Empty hook `AfterLastShipout' on input line 205.
 (D:\enseignement\equilibreuse\td_equilibreuse.aux)
Package atveryend Info: Executing hook `AtVeryEndDocument' on input line 205.
Package rerunfilecheck Info: File `td_equilibreuse.out' has not changed.
(rerunfilecheck)             Checksum: EEE484585F47070E0419344CAF190782;211.


LaTeX Font Warning: Some font shapes were not available, defaults substituted.

 ) 
Here is how much of TeX's memory you used:
 14821 strings out of 495285
 228017 string characters out of 3180436
 345854 words of memory out of 3000000
 17665 multiletter control sequences out of 15000+200000
 7656 words of font info for 30 fonts, out of 3000000 for 9000
 14 hyphenation exceptions out of 8191
 40i,14n,43p,355b,433s stack positions out of 5000i,500n,10000p,200000b,50000s
<C:/Program Files/Miktex 2.8/fonts/type1/public/amsfonts/cm/cmbx10.pfb><C:/Pr
ogram Files/Miktex 2.8/fonts/type1/public/amsfonts/cm/cmbx12.pfb><C:/Program Fi
les/Miktex 2.8/fonts/type1/public/amsfonts/cm/cmbx9.pfb><C:/Program Files/Mikte
x 2.8/fonts/type1/public/amsfonts/cm/cmex10.pfb><C:/Program Files/Miktex 2.8/fo
nts/type1/public/amsfonts/cm/cmmi10.pfb><C:/Program Files/Miktex 2.8/fonts/type
1/public/amsfonts/cm/cmmi7.pfb><C:/Program Files/Miktex 2.8/fonts/type1/public/
amsfonts/cm/cmr10.pfb><C:/Program Files/Miktex 2.8/fonts/type1/public/amsfonts/
cm/cmr12.pfb><C:/Program Files/Miktex 2.8/fonts/type1/public/amsfonts/cm/cmr5.p
fb><C:/Program Files/Miktex 2.8/fonts/type1/public/amsfonts/cm/cmr7.pfb><C:/Pro
gram Files/Miktex 2.8/fonts/type1/public/amsfonts/cm/cmsy10.pfb><C:/Program Fil
es/Miktex 2.8/fonts/type1/public/amsfonts/cm/cmti9.pfb>
Output written on td_equilibreuse.pdf (2 pages, 6673519 bytes).
PDF statistics:
 2057 PDF objects out of 2073 (max. 8388607)
 16 named destinations out of 1000 (max. 500000)
 62 words of extra memory for PDF output out of 10000 (max. 10000000)

